<?xml version="1.0" encoding="UTF-8"?>
<testsuite xmlns:xsi="http://www.w3.org/2001/XMLSchema-instance" xsi:noNamespaceSchemaLocation="https://maven.apache.org/surefire/maven-surefire-plugin/xsd/surefire-test-report-3.0.xsd" version="3.0" name="com.project.CiutatCiutadaTest" time="4.282" tests="8" errors="0" skipped="0" failures="0">
  <properties>
[...]
</properties>
  <testcase name="testCreateCart" classname="com.project.CiutatCiutadaTest" time="0.17">
    <system-err><![CDATA[dic 05, 2024 1:17:40 P. M. org.hibernate.Version logVersion
INFO: HHH000412: Hibernate ORM core version 6.6.3.Final
dic 05, 2024 1:17:40 P. M. org.hibernate.cfg.Environment <clinit>
INFO: HHH000205: Loaded properties from resource hibernate.properties: {hibernate.connection.driver_class=org.sqlite.JDBC, hibernate.connection.url=jdbc:sqlite:./data/database-test.db, hibernate.hbm2ddl.auto=create, hibernate.dialect=org.hibernate.community.dialect.SQLiteDialect, hibernate.show_sql=false}
dic 05, 2024 1:17:42 P. M. org.hibernate.boot.jaxb.internal.MappingBinder doBind
WARN: HHH90000028: Support for `<hibernate-mappings/>` is deprecated [RESOURCE : Ciutat.hbm.xml]; migrate to orm.xml or mapping.xml, or enable `hibernate.transform_hbm_xml.enabled` for on the fly transformation
dic 05, 2024 1:17:42 P. M. org.hibernate.boot.jaxb.internal.MappingBinder doBind
WARN: HHH90000028: Support for `<hibernate-mappings/>` is deprecated [RESOURCE : Ciutada.hbm.xml]; migrate to orm.xml or mapping.xml, or enable `hibernate.transform_hbm_xml.enabled` for on the fly transformation
dic 05, 2024 1:17:42 P. M. org.hibernate.cache.internal.RegionFactoryInitiator initiateService
INFO: HHH000026: Second-level cache disabled
dic 05, 2024 1:17:42 P. M. org.hibernate.engine.jdbc.connections.internal.DriverManagerConnectionProviderImpl configure
WARN: HHH10001002: Using built-in connection pool (not intended for production use)
dic 05, 2024 1:17:42 P. M. org.hibernate.engine.jdbc.env.internal.JdbcEnvironmentInitiator initiateService
INFO: HHH10001005: Database info:
	Database JDBC URL [jdbc:sqlite:./data/database-test.db]
	Database driver: org.sqlite.JDBC
	Database version: 3.47.1
	Autocommit mode: false
	Isolation level: undefined/unknown
	Minimum pool size: 1
	Maximum pool size: 20
dic 05, 2024 1:17:44 P. M. org.hibernate.engine.transaction.jta.platform.internal.JtaPlatformInitiator initiateService
INFO: HHH000489: No JTA platform available (set 'hibernate.transaction.jta.platform' to enable JTA platform integration)
dic 05, 2024 1:17:44 P. M. org.hibernate.resource.transaction.backend.jdbc.internal.DdlTransactionIsolatorNonJtaImpl getIsolatedConnection
INFO: HHH10001501: Connection obtained from JdbcConnectionAccess [org.hibernate.engine.jdbc.env.internal.JdbcEnvironmentInitiator$ConnectionProviderJdbcConnectionAccess@45287377] for (non-JTA) DDL execution was not in auto-commit mode; the Connection 'local transaction' will be committed and the Connection will be set into auto-commit mode.
dic 05, 2024 1:17:44 P. M. org.hibernate.resource.transaction.backend.jdbc.internal.DdlTransactionIsolatorNonJtaImpl getIsolatedConnection
INFO: HHH10001501: Connection obtained from JdbcConnectionAccess [org.hibernate.engine.jdbc.env.internal.JdbcEnvironmentInitiator$ConnectionProviderJdbcConnectionAccess@25c1f5ee] for (non-JTA) DDL execution was not in auto-commit mode; the Connection 'local transaction' will be committed and the Connection will be set into auto-commit mode.
]]></system-err>
  </testcase>
  <testcase name="testCreateItems" classname="com.project.CiutatCiutadaTest" time="0.01"/>
  <testcase name="testAddItemsToCart" classname="com.project.CiutatCiutadaTest" time="0.08"/>
  <testcase name="testUpdateItem" classname="com.project.CiutatCiutadaTest" time="0.02"/>
  <testcase name="testListItems" classname="com.project.CiutatCiutadaTest" time="0.4"/>
  <testcase name="testRemoveItemFromCart" classname="com.project.CiutatCiutadaTest" time="0.02"/>
  <testcase name="testDeleteItems" classname="com.project.CiutatCiutadaTest" time="0.025"/>
  <testcase name="testDeleteCart" classname="com.project.CiutatCiutadaTest" time="0.011"/>
</testsuite>